INFO:sim:172 - Generating IP...
Applying current project options...
Finished applying current project options.
Resolving generics for 'Multiplier'...
WARNING:sim - Verilog simulation file type 'Behavioral' is not valid for this
   core. Overriding with simulation file type 'Structural'.
WARNING:sim - A core named 'Multiplier' already exists in the project. Output
   products for this core may be overwritten.
Applying external generics to 'Multiplier'...
Delivering associated files for 'Multiplier'...
Generating implementation netlist for 'Multiplier'...
INFO:sim - Pre-processing HDL files for 'Multiplier'...
Running synthesis for 'Multiplier'
Running ngcbuild...
Writing VEO instantiation template for 'Multiplier'...
WARNING:sim - Verilog simulation file type 'Behavioral' is not valid for this
   core. Overriding with simulation file type 'Structural'.
Writing Verilog structural simulation model for 'Multiplier'...
WARNING:sim - Verilog simulation file type 'Behavioral' is not valid for this
   core. Overriding with simulation file type 'Structural'.
Delivered 3 files into directory
C:/Users/azure/Desktop/repoMS/sase_project-master/Proyecto_MS/MS_final.srcs/sour
ces_1/ip/mult_gen_v11_2_0/tmp/_cg/Multiplier
Delivered 1 file into directory
C:/Users/azure/Desktop/repoMS/sase_project-master/Proyecto_MS/MS_final.srcs/sour
ces_1/ip/mult_gen_v11_2_0/tmp/_cg/Multiplier
Generating ASY schematic symbol...
INFO:sim:949 - Finished generation of ASY schematic symbol.
Generating metadata file...
Generating ISE project file for 'Multiplier'...
Generating ISE project...
XCO file found: Multiplier.xco
XMDF file found: Multiplier_xmdf.tcl
Adding
C:/Users/azure/Desktop/repoMS/sase_project-master/Proyecto_MS/MS_final.srcs/sour
ces_1/ip/mult_gen_v11_2_0/tmp/_cg/Multiplier.asy -view all -origin_type imported
Adding
C:/Users/azure/Desktop/repoMS/sase_project-master/Proyecto_MS/MS_final.srcs/sour
ces_1/ip/mult_gen_v11_2_0/tmp/_cg/Multiplier.ngc -view all -origin_type created
Checking file
"C:/Users/azure/Desktop/repoMS/sase_project-master/Proyecto_MS/MS_final.srcs/sou
rces_1/ip/mult_gen_v11_2_0/tmp/_cg/Multiplier.ngc" for project device match ...
File
"C:/Users/azure/Desktop/repoMS/sase_project-master/Proyecto_MS/MS_final.srcs/sou
rces_1/ip/mult_gen_v11_2_0/tmp/_cg/Multiplier.ngc" device information matches
project device.
Adding
C:/Users/azure/Desktop/repoMS/sase_project-master/Proyecto_MS/MS_final.srcs/sour
ces_1/ip/mult_gen_v11_2_0/tmp/_cg/Multiplier.v -view all -origin_type created
INFO:HDLCompiler:1845 - Analyzing Verilog file
   "C:/Users/azure/Desktop/repoMS/sase_project-master/Proyecto_MS/MS_final.srcs/
   sources_1/ip/mult_gen_v11_2_0/tmp/_cg/Multiplier.v" into library work
INFO:ProjectMgmt - Parsing design hierarchy completed successfully.
Adding
C:/Users/azure/Desktop/repoMS/sase_project-master/Proyecto_MS/MS_final.srcs/sour
ces_1/ip/mult_gen_v11_2_0/tmp/_cg/Multiplier.veo -view all -origin_type imported
INFO:TclTasksC:2116 - The automatic calculation of top has been turned-off.
   Please set the new top explicitly by running the "project set top" command.
   To re-calculate the new top automatically, set the "Auto Implementation Top"
   property to true.
Top level has been set to "/Multiplier"
Generating README file...
Generating FLIST file...
INFO:sim:948 - Finished FLIST file generation.
Moving files to output directory...
Finished moving files to output directory
Saved CGP file for project 'coregen'.
